
[2018-01-18 02:49:42] Beginning TopHat run (v2.0.12)
-----------------------------------------------
[2018-01-18 02:49:42] Checking for Bowtie
		  Bowtie version:	 2.2.3.0
[2018-01-18 02:49:42] Checking for Samtools
		Samtools version:	 0.1.19.0
[2018-01-18 02:49:42] Checking for Bowtie index files (genome)..
[2018-01-18 02:49:42] Checking for reference FASTA file
	Warning: Could not find FASTA file genome.index.fa
[2018-01-18 02:49:42] Reconstituting reference FASTA file from Bowtie index
  Executing: /usr/local/bin/dolphin-bin/bowtie2-inspect genome.index > ./tmp/genome.index.fa
[2018-01-18 02:49:42] Generating SAM header for genome.index
[2018-01-18 02:49:43] Preparing reads
	 left reads: min. length=44, max. length=105, 2933 kept reads (4 discarded)
	right reads: min. length=105, max. length=105, 2933 kept reads (4 discarded)
[2018-01-18 02:49:43] Mapping left_kept_reads to genome genome.index with Bowtie2 
[2018-01-18 02:49:44] Mapping left_kept_reads_seg1 to genome genome.index with Bowtie2 (1/4)
[2018-01-18 02:49:44] Mapping left_kept_reads_seg2 to genome genome.index with Bowtie2 (2/4)
[2018-01-18 02:49:44] Mapping left_kept_reads_seg3 to genome genome.index with Bowtie2 (3/4)
[2018-01-18 02:49:44] Mapping left_kept_reads_seg4 to genome genome.index with Bowtie2 (4/4)
[2018-01-18 02:49:44] Mapping right_kept_reads to genome genome.index with Bowtie2 
[2018-01-18 02:49:45] Mapping right_kept_reads_seg1 to genome genome.index with Bowtie2 (1/4)
[2018-01-18 02:49:46] Mapping right_kept_reads_seg2 to genome genome.index with Bowtie2 (2/4)
[2018-01-18 02:49:46] Mapping right_kept_reads_seg3 to genome genome.index with Bowtie2 (3/4)
[2018-01-18 02:49:46] Mapping right_kept_reads_seg4 to genome genome.index with Bowtie2 (4/4)
[2018-01-18 02:49:46] Searching for junctions via segment mapping
[2018-01-18 02:49:46] Retrieving sequences for splices
[2018-01-18 02:49:47] Indexing splices
[2018-01-18 02:49:47] Mapping left_kept_reads_seg1 to genome segment_juncs with Bowtie2 (1/4)
[2018-01-18 02:49:48] Mapping left_kept_reads_seg2 to genome segment_juncs with Bowtie2 (2/4)
[2018-01-18 02:49:48] Mapping left_kept_reads_seg3 to genome segment_juncs with Bowtie2 (3/4)
[2018-01-18 02:49:48] Mapping left_kept_reads_seg4 to genome segment_juncs with Bowtie2 (4/4)
[2018-01-18 02:49:48] Joining segment hits
[2018-01-18 02:49:48] Mapping right_kept_reads_seg1 to genome segment_juncs with Bowtie2 (1/4)
[2018-01-18 02:49:48] Mapping right_kept_reads_seg2 to genome segment_juncs with Bowtie2 (2/4)
[2018-01-18 02:49:49] Mapping right_kept_reads_seg3 to genome segment_juncs with Bowtie2 (3/4)
[2018-01-18 02:49:49] Mapping right_kept_reads_seg4 to genome segment_juncs with Bowtie2 (4/4)
[2018-01-18 02:49:49] Joining segment hits
[2018-01-18 02:49:49] Reporting output tracks
-----------------------------------------------
[2018-01-18 02:49:50] A summary of the alignment counts can be found in ./align_summary.txt
[2018-01-18 02:49:50] Run complete: 00:00:07 elapsed
