
[2018-01-18 02:38:48] Beginning TopHat run (v2.0.12)
-----------------------------------------------
[2018-01-18 02:38:48] Checking for Bowtie
		  Bowtie version:	 2.2.3.0
[2018-01-18 02:38:48] Checking for Samtools
		Samtools version:	 0.1.19.0
[2018-01-18 02:38:48] Checking for Bowtie index files (genome)..
[2018-01-18 02:38:48] Checking for reference FASTA file
	Warning: Could not find FASTA file genome.index.fa
[2018-01-18 02:38:48] Reconstituting reference FASTA file from Bowtie index
  Executing: /usr/local/bin/dolphin-bin/bowtie2-inspect genome.index > ./tmp/genome.index.fa
[2018-01-18 02:38:48] Generating SAM header for genome.index
[2018-01-18 02:38:49] Preparing reads
	 left reads: min. length=44, max. length=105, 2933 kept reads (4 discarded)
	right reads: min. length=105, max. length=105, 2933 kept reads (4 discarded)
[2018-01-18 02:38:49] Mapping left_kept_reads to genome genome.index with Bowtie2 
[2018-01-18 02:38:50] Mapping left_kept_reads_seg1 to genome genome.index with Bowtie2 (1/4)
[2018-01-18 02:38:50] Mapping left_kept_reads_seg2 to genome genome.index with Bowtie2 (2/4)
[2018-01-18 02:38:50] Mapping left_kept_reads_seg3 to genome genome.index with Bowtie2 (3/4)
[2018-01-18 02:38:50] Mapping left_kept_reads_seg4 to genome genome.index with Bowtie2 (4/4)
[2018-01-18 02:38:51] Mapping right_kept_reads to genome genome.index with Bowtie2 
[2018-01-18 02:38:52] Mapping right_kept_reads_seg1 to genome genome.index with Bowtie2 (1/4)
[2018-01-18 02:38:52] Mapping right_kept_reads_seg2 to genome genome.index with Bowtie2 (2/4)
[2018-01-18 02:38:52] Mapping right_kept_reads_seg3 to genome genome.index with Bowtie2 (3/4)
[2018-01-18 02:38:52] Mapping right_kept_reads_seg4 to genome genome.index with Bowtie2 (4/4)
[2018-01-18 02:38:52] Searching for junctions via segment mapping
[2018-01-18 02:38:53] Retrieving sequences for splices
[2018-01-18 02:38:53] Indexing splices
[2018-01-18 02:38:54] Mapping left_kept_reads_seg1 to genome segment_juncs with Bowtie2 (1/4)
[2018-01-18 02:38:54] Mapping left_kept_reads_seg2 to genome segment_juncs with Bowtie2 (2/4)
[2018-01-18 02:38:54] Mapping left_kept_reads_seg3 to genome segment_juncs with Bowtie2 (3/4)
[2018-01-18 02:38:54] Mapping left_kept_reads_seg4 to genome segment_juncs with Bowtie2 (4/4)
[2018-01-18 02:38:54] Joining segment hits
[2018-01-18 02:38:54] Mapping right_kept_reads_seg1 to genome segment_juncs with Bowtie2 (1/4)
[2018-01-18 02:38:55] Mapping right_kept_reads_seg2 to genome segment_juncs with Bowtie2 (2/4)
[2018-01-18 02:38:55] Mapping right_kept_reads_seg3 to genome segment_juncs with Bowtie2 (3/4)
[2018-01-18 02:38:55] Mapping right_kept_reads_seg4 to genome segment_juncs with Bowtie2 (4/4)
[2018-01-18 02:38:55] Joining segment hits
[2018-01-18 02:38:55] Reporting output tracks
-----------------------------------------------
[2018-01-18 02:38:56] A summary of the alignment counts can be found in ./align_summary.txt
[2018-01-18 02:38:56] Run complete: 00:00:07 elapsed
