Jan-18 03:43:57.916 [main] DEBUG nextflow.cli.Launcher - $> /usr/bin/nextflow nextflow.nf --hg19 /mac/biocore/nextflowruns/trial1/data/ggal/ggal_1_48850000_49020000.Ggal71.500bpflank.fa --mate pair --gut_and_liver_readpairs /mac/biocore/nextflowruns/trial1/data/ggal/*_{1,2}.fq -with-trace
Jan-18 03:43:58.084 [main] INFO  nextflow.cli.CmdRun - N E X T F L O W  ~  version 0.26.3
Jan-18 03:43:58.103 [main] INFO  nextflow.cli.CmdRun - Launching `nextflow.nf` [kickass_noether] - revision: 68f898a4e3
Jan-18 03:43:58.118 [main] DEBUG nextflow.config.ConfigBuilder - Found config local: nextflow.config
Jan-18 03:43:58.120 [main] DEBUG nextflow.config.ConfigBuilder - Parsing config file: /mac/biocore/biocorepipe/tmp/logs/run176/nextflow.config
Jan-18 03:43:58.447 [main] DEBUG nextflow.config.ConfigBuilder - Setting config profile: 'standard'
Jan-18 03:43:58.613 [main] DEBUG nextflow.Session - Session uuid: 04124d16-cecb-49c6-abde-6262672aaf99
Jan-18 03:43:58.613 [main] DEBUG nextflow.Session - Run name: kickass_noether
Jan-18 03:43:58.616 [main] DEBUG nextflow.Session - Executor pool size: 4
Jan-18 03:43:58.639 [main] DEBUG nextflow.cli.CmdRun - 
  Version: 0.26.3 build 4740
  Modified: 30-11-2017 15:51 UTC 
  System: Linux 4.9.49-moby
  Runtime: Groovy 2.4.11 on Java HotSpot(TM) 64-Bit Server VM 1.8.0_151-b12
  Encoding: UTF-8 (ANSI_X3.4-1968)
  Process: 18153@22ce10a5da07 [172.17.0.2]
  CPUs: 4 - Mem: 2 GB (977.3 MB) - Swap: 1,024 MB (1,024 MB)
Jan-18 03:43:58.684 [main] DEBUG nextflow.Session - Work-dir: /mac/biocore/biocorepipe/tmp/logs/run176/work [fuseblk]
Jan-18 03:43:58.685 [main] DEBUG nextflow.Session - Script base path does not exist or is not a directory: /mac/biocore/biocorepipe/tmp/logs/run176/bin
Jan-18 03:43:58.837 [main] DEBUG nextflow.Session - Session start invoked
Jan-18 03:43:58.841 [main] DEBUG nextflow.processor.TaskDispatcher - Dispatcher > start
Jan-18 03:43:58.842 [main] DEBUG nextflow.trace.TraceFileObserver - Flow starting -- trace file: /mac/biocore/biocorepipe/tmp/logs/run176/trace.txt
Jan-18 03:43:58.871 [main] DEBUG nextflow.script.ScriptRunner - > Script parsing
Jan-18 03:43:59.033 [main] DEBUG nextflow.script.ScriptRunner - > Launching execution
Jan-18 03:43:59.060 [main] DEBUG nextflow.Channel - files for syntax: glob; folder: /mac/biocore/nextflowruns/trial1/data/ggal/; pattern: *_{1,2}.fq; options: [:]
Jan-18 03:43:59.244 [main] DEBUG nextflow.processor.ProcessFactory - << taskConfig executor: null
Jan-18 03:43:59.245 [main] DEBUG nextflow.processor.ProcessFactory - >> processorType: 'local'
Jan-18 03:43:59.252 [main] DEBUG nextflow.executor.Executor - Initializing executor: local
Jan-18 03:43:59.255 [main] INFO  nextflow.executor.Executor - [warm up] executor > local
Jan-18 03:43:59.260 [main] DEBUG n.processor.LocalPollingMonitor - Creating local task monitor for executor 'local' > cpus=4; memory=2 GB; capacity=4; pollInterval=100ms; dumpInterval=5m
Jan-18 03:43:59.265 [main] DEBUG nextflow.processor.TaskDispatcher - Starting monitor: LocalPollingMonitor
Jan-18 03:43:59.266 [main] DEBUG n.processor.TaskPollingMonitor - >>> barrier register (monitor: local)
Jan-18 03:43:59.269 [main] DEBUG nextflow.executor.Executor - Invoke register for executor: local
Jan-18 03:43:59.306 [main] DEBUG nextflow.Session - >>> barrier register (process: Build_Index)
Jan-18 03:43:59.310 [main] DEBUG nextflow.processor.TaskProcessor - Creating operator > Build_Index -- maxForks: 4
Jan-18 03:43:59.341 [main] DEBUG nextflow.processor.ProcessFactory - << taskConfig executor: null
Jan-18 03:43:59.342 [main] DEBUG nextflow.processor.ProcessFactory - >> processorType: 'local'
Jan-18 03:43:59.343 [main] DEBUG nextflow.executor.Executor - Initializing executor: local
Jan-18 03:43:59.344 [main] DEBUG nextflow.Session - >>> barrier register (process: Map_Tophat2)
Jan-18 03:43:59.345 [main] DEBUG nextflow.processor.TaskProcessor - Creating operator > Map_Tophat2 -- maxForks: 4
Jan-18 03:43:59.348 [main] DEBUG nextflow.script.ScriptRunner - > Await termination 
Jan-18 03:43:59.348 [main] DEBUG nextflow.Session - Session await
Jan-18 03:43:59.476 [Task submitter] INFO  nextflow.Session - [7f/63b11a] Submitted process > Build_Index
Jan-18 03:44:00.005 [Task monitor] DEBUG n.processor.TaskPollingMonitor - Task completed > TaskHandler[id: 1; name: Build_Index; status: COMPLETED; exit: 0; error: -; workDir: /mac/biocore/biocorepipe/tmp/logs/run176/work/7f/63b11a11e1bb12c19d40c5adf50ed8]
Jan-18 03:44:00.042 [Actor Thread 1] DEBUG nextflow.Session - <<< barrier arrive (process: Build_Index)
Jan-18 03:44:00.089 [Task submitter] INFO  nextflow.Session - [a9/39a9f5] Submitted process > Map_Tophat2 (1)
Jan-18 03:44:00.105 [Task submitter] INFO  nextflow.Session - [ed/c94faa] Submitted process > Map_Tophat2 (2)
Jan-18 03:44:08.014 [Task monitor] DEBUG n.processor.TaskPollingMonitor - Task completed > TaskHandler[id: 3; name: Map_Tophat2 (2); status: COMPLETED; exit: 0; error: -; workDir: /mac/biocore/biocorepipe/tmp/logs/run176/work/ed/c94faa7550ad03eeda35e05e6d9820]
Jan-18 03:44:08.152 [Task monitor] DEBUG n.processor.TaskPollingMonitor - Task completed > TaskHandler[id: 2; name: Map_Tophat2 (1); status: COMPLETED; exit: 0; error: -; workDir: /mac/biocore/biocorepipe/tmp/logs/run176/work/a9/39a9f5e40895520ac43fc95f8ae1b1]
Jan-18 03:44:08.160 [Actor Thread 5] DEBUG nextflow.Session - <<< barrier arrive (process: Map_Tophat2)
Jan-18 03:44:08.166 [main] DEBUG nextflow.Session - Session await > all process finished
Jan-18 03:44:08.178 [Task monitor] DEBUG n.processor.TaskPollingMonitor - <<< barrier arrives (monitor: local)
Jan-18 03:44:08.179 [main] DEBUG nextflow.Session - Session await > all barriers passed
Jan-18 03:44:08.209 [main] DEBUG nextflow.trace.TraceFileObserver - Flow completing -- flushing trace file
Jan-18 03:44:08.229 [main] DEBUG nextflow.CacheDB - Closing CacheDB done
Jan-18 03:44:08.248 [main] DEBUG nextflow.script.ScriptRunner - > Execution complete -- Goodbye
