
[2018-01-18 03:26:58] Beginning TopHat run (v2.0.12)
-----------------------------------------------
[2018-01-18 03:26:58] Checking for Bowtie
		  Bowtie version:	 2.2.3.0
[2018-01-18 03:26:58] Checking for Samtools
		Samtools version:	 0.1.19.0
[2018-01-18 03:26:58] Checking for Bowtie index files (genome)..
[2018-01-18 03:26:58] Checking for reference FASTA file
	Warning: Could not find FASTA file genome.index.fa
[2018-01-18 03:26:58] Reconstituting reference FASTA file from Bowtie index
  Executing: /usr/local/bin/dolphin-bin/bowtie2-inspect genome.index > ./tmp/genome.index.fa
[2018-01-18 03:26:58] Generating SAM header for genome.index
[2018-01-18 03:26:58] Preparing reads
	 left reads: min. length=44, max. length=105, 2933 kept reads (4 discarded)
	right reads: min. length=105, max. length=105, 2933 kept reads (4 discarded)
[2018-01-18 03:26:58] Mapping left_kept_reads to genome genome.index with Bowtie2 
[2018-01-18 03:26:59] Mapping left_kept_reads_seg1 to genome genome.index with Bowtie2 (1/4)
[2018-01-18 03:26:59] Mapping left_kept_reads_seg2 to genome genome.index with Bowtie2 (2/4)
[2018-01-18 03:27:00] Mapping left_kept_reads_seg3 to genome genome.index with Bowtie2 (3/4)
[2018-01-18 03:27:00] Mapping left_kept_reads_seg4 to genome genome.index with Bowtie2 (4/4)
[2018-01-18 03:27:00] Mapping right_kept_reads to genome genome.index with Bowtie2 
[2018-01-18 03:27:01] Mapping right_kept_reads_seg1 to genome genome.index with Bowtie2 (1/4)
[2018-01-18 03:27:01] Mapping right_kept_reads_seg2 to genome genome.index with Bowtie2 (2/4)
[2018-01-18 03:27:02] Mapping right_kept_reads_seg3 to genome genome.index with Bowtie2 (3/4)
[2018-01-18 03:27:02] Mapping right_kept_reads_seg4 to genome genome.index with Bowtie2 (4/4)
[2018-01-18 03:27:02] Searching for junctions via segment mapping
[2018-01-18 03:27:02] Retrieving sequences for splices
[2018-01-18 03:27:02] Indexing splices
[2018-01-18 03:27:03] Mapping left_kept_reads_seg1 to genome segment_juncs with Bowtie2 (1/4)
[2018-01-18 03:27:03] Mapping left_kept_reads_seg2 to genome segment_juncs with Bowtie2 (2/4)
[2018-01-18 03:27:04] Mapping left_kept_reads_seg3 to genome segment_juncs with Bowtie2 (3/4)
[2018-01-18 03:27:04] Mapping left_kept_reads_seg4 to genome segment_juncs with Bowtie2 (4/4)
[2018-01-18 03:27:04] Joining segment hits
[2018-01-18 03:27:04] Mapping right_kept_reads_seg1 to genome segment_juncs with Bowtie2 (1/4)
[2018-01-18 03:27:04] Mapping right_kept_reads_seg2 to genome segment_juncs with Bowtie2 (2/4)
[2018-01-18 03:27:04] Mapping right_kept_reads_seg3 to genome segment_juncs with Bowtie2 (3/4)
[2018-01-18 03:27:05] Mapping right_kept_reads_seg4 to genome segment_juncs with Bowtie2 (4/4)
[2018-01-18 03:27:05] Joining segment hits
[2018-01-18 03:27:05] Reporting output tracks
-----------------------------------------------
[2018-01-18 03:27:05] A summary of the alignment counts can be found in ./align_summary.txt
[2018-01-18 03:27:05] Run complete: 00:00:07 elapsed
