
[2018-01-18 03:23:19] Beginning TopHat run (v2.0.12)
-----------------------------------------------
[2018-01-18 03:23:19] Checking for Bowtie
		  Bowtie version:	 2.2.3.0
[2018-01-18 03:23:19] Checking for Samtools
		Samtools version:	 0.1.19.0
[2018-01-18 03:23:19] Checking for Bowtie index files (genome)..
[2018-01-18 03:23:19] Checking for reference FASTA file
	Warning: Could not find FASTA file genome.index.fa
[2018-01-18 03:23:19] Reconstituting reference FASTA file from Bowtie index
  Executing: /usr/local/bin/dolphin-bin/bowtie2-inspect genome.index > ./tmp/genome.index.fa
[2018-01-18 03:23:19] Generating SAM header for genome.index
[2018-01-18 03:23:19] Preparing reads
	 left reads: min. length=44, max. length=105, 2933 kept reads (4 discarded)
	right reads: min. length=105, max. length=105, 2933 kept reads (4 discarded)
[2018-01-18 03:23:19] Mapping left_kept_reads to genome genome.index with Bowtie2 
[2018-01-18 03:23:20] Mapping left_kept_reads_seg1 to genome genome.index with Bowtie2 (1/4)
[2018-01-18 03:23:20] Mapping left_kept_reads_seg2 to genome genome.index with Bowtie2 (2/4)
[2018-01-18 03:23:21] Mapping left_kept_reads_seg3 to genome genome.index with Bowtie2 (3/4)
[2018-01-18 03:23:21] Mapping left_kept_reads_seg4 to genome genome.index with Bowtie2 (4/4)
[2018-01-18 03:23:21] Mapping right_kept_reads to genome genome.index with Bowtie2 
[2018-01-18 03:23:22] Mapping right_kept_reads_seg1 to genome genome.index with Bowtie2 (1/4)
[2018-01-18 03:23:22] Mapping right_kept_reads_seg2 to genome genome.index with Bowtie2 (2/4)
[2018-01-18 03:23:23] Mapping right_kept_reads_seg3 to genome genome.index with Bowtie2 (3/4)
[2018-01-18 03:23:23] Mapping right_kept_reads_seg4 to genome genome.index with Bowtie2 (4/4)
[2018-01-18 03:23:23] Searching for junctions via segment mapping
[2018-01-18 03:23:23] Retrieving sequences for splices
[2018-01-18 03:23:23] Indexing splices
[2018-01-18 03:23:24] Mapping left_kept_reads_seg1 to genome segment_juncs with Bowtie2 (1/4)
[2018-01-18 03:23:24] Mapping left_kept_reads_seg2 to genome segment_juncs with Bowtie2 (2/4)
[2018-01-18 03:23:25] Mapping left_kept_reads_seg3 to genome segment_juncs with Bowtie2 (3/4)
[2018-01-18 03:23:25] Mapping left_kept_reads_seg4 to genome segment_juncs with Bowtie2 (4/4)
[2018-01-18 03:23:25] Joining segment hits
[2018-01-18 03:23:25] Mapping right_kept_reads_seg1 to genome segment_juncs with Bowtie2 (1/4)
[2018-01-18 03:23:25] Mapping right_kept_reads_seg2 to genome segment_juncs with Bowtie2 (2/4)
[2018-01-18 03:23:26] Mapping right_kept_reads_seg3 to genome segment_juncs with Bowtie2 (3/4)
[2018-01-18 03:23:26] Mapping right_kept_reads_seg4 to genome segment_juncs with Bowtie2 (4/4)
[2018-01-18 03:23:26] Joining segment hits
[2018-01-18 03:23:26] Reporting output tracks
-----------------------------------------------
[2018-01-18 03:23:27] A summary of the alignment counts can be found in ./align_summary.txt
[2018-01-18 03:23:27] Run complete: 00:00:07 elapsed
