
[2018-01-18 03:25:32] Beginning TopHat run (v2.0.12)
-----------------------------------------------
[2018-01-18 03:25:32] Checking for Bowtie
		  Bowtie version:	 2.2.3.0
[2018-01-18 03:25:32] Checking for Samtools
		Samtools version:	 0.1.19.0
[2018-01-18 03:25:32] Checking for Bowtie index files (genome)..
[2018-01-18 03:25:32] Checking for reference FASTA file
	Warning: Could not find FASTA file genome.index.fa
[2018-01-18 03:25:32] Reconstituting reference FASTA file from Bowtie index
  Executing: /usr/local/bin/dolphin-bin/bowtie2-inspect genome.index > ./tmp/genome.index.fa
[2018-01-18 03:25:32] Generating SAM header for genome.index
[2018-01-18 03:25:32] Preparing reads
	 left reads: min. length=44, max. length=105, 2933 kept reads (4 discarded)
	right reads: min. length=105, max. length=105, 2933 kept reads (4 discarded)
[2018-01-18 03:25:32] Mapping left_kept_reads to genome genome.index with Bowtie2 
[2018-01-18 03:25:33] Mapping left_kept_reads_seg1 to genome genome.index with Bowtie2 (1/4)
[2018-01-18 03:25:33] Mapping left_kept_reads_seg2 to genome genome.index with Bowtie2 (2/4)
[2018-01-18 03:25:34] Mapping left_kept_reads_seg3 to genome genome.index with Bowtie2 (3/4)
[2018-01-18 03:25:34] Mapping left_kept_reads_seg4 to genome genome.index with Bowtie2 (4/4)
[2018-01-18 03:25:34] Mapping right_kept_reads to genome genome.index with Bowtie2 
[2018-01-18 03:25:35] Mapping right_kept_reads_seg1 to genome genome.index with Bowtie2 (1/4)
[2018-01-18 03:25:35] Mapping right_kept_reads_seg2 to genome genome.index with Bowtie2 (2/4)
[2018-01-18 03:25:36] Mapping right_kept_reads_seg3 to genome genome.index with Bowtie2 (3/4)
[2018-01-18 03:25:36] Mapping right_kept_reads_seg4 to genome genome.index with Bowtie2 (4/4)
[2018-01-18 03:25:36] Searching for junctions via segment mapping
[2018-01-18 03:25:36] Retrieving sequences for splices
[2018-01-18 03:25:36] Indexing splices
[2018-01-18 03:25:37] Mapping left_kept_reads_seg1 to genome segment_juncs with Bowtie2 (1/4)
[2018-01-18 03:25:37] Mapping left_kept_reads_seg2 to genome segment_juncs with Bowtie2 (2/4)
[2018-01-18 03:25:38] Mapping left_kept_reads_seg3 to genome segment_juncs with Bowtie2 (3/4)
[2018-01-18 03:25:38] Mapping left_kept_reads_seg4 to genome segment_juncs with Bowtie2 (4/4)
[2018-01-18 03:25:38] Joining segment hits
[2018-01-18 03:25:38] Mapping right_kept_reads_seg1 to genome segment_juncs with Bowtie2 (1/4)
[2018-01-18 03:25:38] Mapping right_kept_reads_seg2 to genome segment_juncs with Bowtie2 (2/4)
[2018-01-18 03:25:38] Mapping right_kept_reads_seg3 to genome segment_juncs with Bowtie2 (3/4)
[2018-01-18 03:25:39] Mapping right_kept_reads_seg4 to genome segment_juncs with Bowtie2 (4/4)
[2018-01-18 03:25:39] Joining segment hits
[2018-01-18 03:25:39] Reporting output tracks
-----------------------------------------------
[2018-01-18 03:25:39] A summary of the alignment counts can be found in ./align_summary.txt
[2018-01-18 03:25:39] Run complete: 00:00:07 elapsed
